\BOOKMARK [0][-]{part.1}{I D\351finitions}{}% 1
\BOOKMARK [1][-]{section.1}{D\351finitions}{part.1}% 2
\BOOKMARK [0][-]{part.2}{II Liste des besoins}{}% 3
\BOOKMARK [1][-]{subsection.1.1}{Besoins communs}{part.2}% 4
\BOOKMARK [2][-]{subsection.1.2}{Configuration}{subsection.1.1}% 5
\BOOKMARK [2][-]{subsection.1.3}{Simulation}{subsection.1.1}% 6
\BOOKMARK [2][-]{subsection.1.4}{Exploitation}{subsection.1.1}% 7
\BOOKMARK [2][-]{subsection.1.5}{Maintenance}{subsection.1.1}% 8
\BOOKMARK [2][-]{subsection.1.6}{R\351clamation}{subsection.1.1}% 9
\BOOKMARK [0][-]{part.3}{III Cas d'utilisation}{}% 10
\BOOKMARK [1][-]{section.2}{R\364les}{part.3}% 11
\BOOKMARK [1][-]{section.3}{Cas d'utilisation}{part.3}% 12
\BOOKMARK [2][-]{subsection.3.1}{Besoins communs}{section.3}% 13
\BOOKMARK [2][-]{subsection.3.2}{Visualiser un objet statique}{section.3}% 14
\BOOKMARK [2][-]{subsection.3.3}{Effectuer des actions sur l'historique}{section.3}% 15
\BOOKMARK [2][-]{subsection.3.4}{Configuration}{section.3}% 16
\BOOKMARK [3][-]{subsubsection.3.4.1}{Effectuer des op\351rations sur un \351l\351ment}{subsection.3.4}% 17
\BOOKMARK [3][-]{subsubsection.3.4.2}{Simuler la configuration en cours}{subsection.3.4}% 18
\BOOKMARK [3][-]{subsubsection.3.4.3}{G\351rer la persistance d'une configuration}{subsection.3.4}% 19
\BOOKMARK [2][-]{subsection.3.5}{Simulation}{section.3}% 20
\BOOKMARK [3][-]{subsubsection.3.5.1}{Charger une configuration}{subsection.3.5}% 21
\BOOKMARK [3][-]{subsubsection.3.5.2}{G\351rer la liste des vols}{subsection.3.5}% 22
\BOOKMARK [3][-]{subsubsection.3.5.3}{Changer le mode de simulation}{subsection.3.5}% 23
\BOOKMARK [3][-]{subsubsection.3.5.4}{Agir manuellement sur les \351l\351ments}{subsection.3.5}% 24
\BOOKMARK [3][-]{subsubsection.3.5.5}{Effectuer des op\351rations sur l'avancement de la simulation}{subsection.3.5}% 25
\BOOKMARK [3][-]{subsubsection.3.5.6}{G\351rer les \351v\351nements}{subsection.3.5}% 26
\BOOKMARK [2][-]{subsection.3.6}{G\351rer la persistance d'une simulation}{section.3}% 27
\BOOKMARK [2][-]{subsection.3.7}{Mettre \340 jour l'\351tat du syst\350me ponctuellement}{section.3}% 28
\BOOKMARK [2][-]{subsection.3.8}{Mettre \340 jour l'\351tat du syst\350me p\351riodiquement}{section.3}% 29
\BOOKMARK [2][-]{subsection.3.9}{Visualiser un objet dynamique}{section.3}% 30
\BOOKMARK [2][-]{subsection.3.10}{Exploitation}{section.3}% 31
\BOOKMARK [3][-]{subsubsection.3.10.1}{Charger une configuration}{subsection.3.10}% 32
\BOOKMARK [2][-]{subsection.3.11}{G\351rer la persistance des fichiers de journalisation}{section.3}% 33
\BOOKMARK [2][-]{subsection.3.12}{Effectuer un arr\352t d'urgence}{section.3}% 34
\BOOKMARK [3][-]{subsubsection.3.12.1}{Effectuer une op\351ration prot\351g\351e sur un \351l\351ments}{subsection.3.12}% 35
\BOOKMARK [3][-]{subsubsection.3.12.2}{Acheminer automatiquement les bagages}{subsection.3.12}% 36
\BOOKMARK [2][-]{subsection.3.13}{Mettre \340 jour l'\351tat du syst\350me p\351riodiquement}{section.3}% 37
\BOOKMARK [2][-]{subsection.3.14}{Mettre \340 jour l'\351tat du syst\350me ponctuellement}{section.3}% 38
\BOOKMARK [2][-]{subsection.3.15}{Visualiser un objet dynamique}{section.3}% 39
\BOOKMARK [2][-]{subsection.3.16}{Maintenance}{section.3}% 40
\BOOKMARK [3][-]{subsubsection.3.16.1}{Effectuer des op\351rations non prot\351g\351es sur un \351l\351ment}{subsection.3.16}% 41
\BOOKMARK [3][-]{subsubsection.3.16.2}{Visualiser les r\351sultats}{subsection.3.16}% 42
\BOOKMARK [3][-]{subsubsection.3.16.3}{G\351rer la persistance des fiches \351lectroniques d'interventions et des fichiers de journaux}{subsection.3.16}% 43
\BOOKMARK [3][-]{subsubsection.3.16.4}{G\351rer les interventions}{subsection.3.16}% 44
\BOOKMARK [2][-]{subsection.3.17}{R\351clamation}{section.3}% 45
\BOOKMARK [3][-]{subsubsection.3.17.1}{G\351rer un dossier de litige}{subsection.3.17}% 46
\BOOKMARK [3][-]{subsubsection.3.17.2}{Se renseigner sur un bagage}{subsection.3.17}% 47
\BOOKMARK [3][-]{subsubsection.3.17.3}{G\351rer la persistance des dossiers de litiges}{subsection.3.17}% 48
\BOOKMARK [0][-]{part.4}{IV Sc\351narios}{}% 49
\BOOKMARK [1][-]{section.4}{Besoins communs}{part.4}% 50
\BOOKMARK [2][-]{subsection.4.1}{Visualisation statique}{section.4}% 51
\BOOKMARK [2][-]{subsection.4.2}{Visualisation dynamique}{section.4}% 52
\BOOKMARK [1][-]{section.5}{Configuration}{part.4}% 53
\BOOKMARK [2][-]{subsection.5.1}{Effectuer des op\351rations sur un \351l\351ment}{section.5}% 54
\BOOKMARK [2][-]{subsection.5.2}{Simuler}{section.5}% 55
\BOOKMARK [2][-]{subsection.5.3}{G\351rer la persistance de la configuration}{section.5}% 56
\BOOKMARK [1][-]{section.6}{Simulation}{part.4}% 57
\BOOKMARK [2][-]{subsection.6.1}{Charger une configuration pour la simulation}{section.6}% 58
\BOOKMARK [2][-]{subsection.6.2}{G\351rer la persistance d'une simulation}{section.6}% 59
\BOOKMARK [2][-]{subsection.6.3}{G\351rer la liste des vols}{section.6}% 60
\BOOKMARK [2][-]{subsection.6.4}{Changer le mode de simulation}{section.6}% 61
\BOOKMARK [2][-]{subsection.6.5}{Agir sur les \351l\351ments visualis\351s}{section.6}% 62
\BOOKMARK [2][-]{subsection.6.6}{Effectuer des op\351rations sur l'avancement de la simulation}{section.6}% 63
\BOOKMARK [2][-]{subsection.6.7}{G\351rer les \351v\351nements}{section.6}% 64
\BOOKMARK [2][-]{subsection.6.8}{D\351clencher les \351v\351nements}{section.6}% 65
\BOOKMARK [2][-]{subsection.6.9}{Mettre \340 jour l'\351tat du syst\350me}{section.6}% 66
\BOOKMARK [1][-]{section.7}{Exploitation}{part.4}% 67
\BOOKMARK [2][-]{subsection.7.1}{Effectuer une op\351ration prot\351g\351e}{section.7}% 68
\BOOKMARK [2][-]{subsection.7.2}{Acheminer automatiquement les bagages}{section.7}% 69
\BOOKMARK [2][-]{subsection.7.3}{Arr\352ter d'urgence le syst\350me}{section.7}% 70
\BOOKMARK [2][-]{subsection.7.4}{G\351rer la persistance des configurations et des fichiers de logs}{section.7}% 71
\BOOKMARK [2][-]{subsection.7.5}{Mettre \340 jour l'\351tat du syst\350me}{section.7}% 72
\BOOKMARK [2][-]{subsection.7.6}{Maintenance}{section.7}% 73
\BOOKMARK [2][-]{subsection.7.7}{Visualiser les r\351sultats}{section.7}% 74
\BOOKMARK [2][-]{subsection.7.8}{G\351rer les interventions}{section.7}% 75
\BOOKMARK [2][-]{subsection.7.9}{G\351rer la persistance des fichiers \351lectroniques d'intervention et des fichiers de journaux}{section.7}% 76
\BOOKMARK [2][-]{subsection.7.10}{R\351clamation}{section.7}% 77
\BOOKMARK [2][-]{subsection.7.11}{G\351rer un dossier de litige}{section.7}% 78
\BOOKMARK [2][-]{subsection.7.12}{Cr\351er un nouvel identifiant voyageur}{section.7}% 79
\BOOKMARK [2][-]{subsection.7.13}{Se renseigner sur un bagage}{section.7}% 80
\BOOKMARK [2][-]{subsection.7.14}{G\351rer la persistance des dossiers de litiges}{section.7}% 81
