This is pdfTeX, Version 3.1415926-1.40.11 (TeX Live 2010) (format=pdflatex 2010.10.3)  17 NOV 2010 09:08
entering extended mode
 restricted \write18 enabled.
 %&-line parsing enabled.
**main.tex

(/Users/maximegaudin/Documents/Professionel/Projets INSA/4IF/TP/USDP/Rapport/ma
in.tex
LaTeX2e <2009/09/24>
Babel <v3.8l> and hyphenation patterns for english, dumylang, nohyphenation, ge
rman-x-2009-06-19, ngerman-x-2009-06-19, afrikaans, ancientgreek, ibycus, arabi
c, armenian, basque, bulgarian, catalan, pinyin, coptic, croatian, czech, danis
h, dutch, ukenglish, usenglishmax, esperanto, estonian, farsi, finnish, french,
 galician, german, ngerman, swissgerman, monogreek, greek, hungarian, icelandic
, assamese, bengali, gujarati, hindi, kannada, malayalam, marathi, oriya, panja
bi, tamil, telugu, indonesian, interlingua, irish, italian, kurmanji, lao, lati
n, latvian, lithuanian, mongolian, mongolianlmc, bokmal, nynorsk, polish, portu
guese, romanian, russian, sanskrit, serbian, slovak, slovenian, spanish, swedis
h, turkish, turkmen, ukrainian, uppersorbian, welsh, loaded.

(/Users/maximegaudin/Documents/Professionel/Projets INSA/4IF/TP/USDP/Rapport/co
mmon/nation.tex (/usr/local/texlive/2010/texmf-dist/tex/latex/base/article.cls
Document Class: article 2007/10/19 v1.4h Standard LaTeX document class
(/usr/local/texlive/2010/texmf-dist/tex/latex/base/size11.clo
File: size11.clo 2007/10/19 v1.4h Standard LaTeX file (size option)
)
\c@part=\count79
\c@section=\count80
\c@subsection=\count81
\c@subsubsection=\count82
\c@paragraph=\count83
\c@subparagraph=\count84
\c@figure=\count85
\c@table=\count86
\abovecaptionskip=\skip41
\belowcaptionskip=\skip42
\bibindent=\dimen102
)
(/usr/local/texlive/2010/texmf-dist/tex/generic/babel/babel.sty
Package: babel 2008/07/06 v3.8l The Babel package

(/usr/local/texlive/2010/texmf-dist/tex/generic/babel/english.ldf
Language: english 2005/03/30 v3.3o English support from the babel system

(/usr/local/texlive/2010/texmf-dist/tex/generic/babel/babel.def
File: babel.def 2008/07/06 v3.8l Babel common definitions
\babel@savecnt=\count87
\U@D=\dimen103
)
\l@canadian = a dialect from \language\l@american 
\l@australian = a dialect from \language\l@british 
\l@newzealand = a dialect from \language\l@british 
)
(/usr/local/texlive/2010/texmf-dist/tex/generic/babel/frenchb.ldf
Language: frenchb 2009/03/16 v2.3d French support from the babel system
Package babel Info: Making : an active character on input line 120.
Package babel Info: Making ; an active character on input line 121.
Package babel Info: Making ! an active character on input line 122.
Package babel Info: Making ? an active character on input line 123.
\FB@Mht=\dimen104
\std@mcc=\count88
\dec@mcc=\count89
\parindentFFN=\dimen105

*************************************
* Local config file frenchb.cfg used
*
(/usr/local/texlive/2010/texmf-dist/tex/generic/babel/frenchb.cfg)))
(/usr/local/texlive/2010/texmf-dist/tex/latex/carlisle/scalefnt.sty)
(/usr/local/texlive/2010/texmf-dist/tex/latex/graphics/keyval.sty
Package: keyval 1999/03/16 v1.13 key=value parser (DPC)
\KV@toks@=\toks14
)
(/usr/local/texlive/2010/texmf-dist/tex/latex/base/inputenc.sty
Package: inputenc 2008/03/30 v1.1d Input encoding file
\inpenc@prehook=\toks15
\inpenc@posthook=\toks16

(/usr/local/texlive/2010/texmf-dist/tex/latex/base/utf8.def
File: utf8.def 2008/04/05 v1.1m UTF-8 support for inputenc
Now handling font encoding OML ...
... no UTF-8 mapping file for font encoding OML
Now handling font encoding T1 ...
... processing UTF-8 mapping file for font encoding T1

(/usr/local/texlive/2010/texmf-dist/tex/latex/base/t1enc.dfu
File: t1enc.dfu 2008/04/05 v1.1m UTF-8 support for inputenc
   defining Unicode char U+00A1 (decimal 161)
   defining Unicode char U+00A3 (decimal 163)
   defining Unicode char U+00AB (decimal 171)
   defining Unicode char U+00BB (decimal 187)
   defining Unicode char U+00BF (decimal 191)
   defining Unicode char U+00C0 (decimal 192)
   defining Unicode char U+00C1 (decimal 193)
   defining Unicode char U+00C2 (decimal 194)
   defining Unicode char U+00C3 (decimal 195)
   defining Unicode char U+00C4 (decimal 196)
   defining Unicode char U+00C5 (decimal 197)
   defining Unicode char U+00C6 (decimal 198)
   defining Unicode char U+00C7 (decimal 199)
   defining Unicode char U+00C8 (decimal 200)
   defining Unicode char U+00C9 (decimal 201)
   defining Unicode char U+00CA (decimal 202)
   defining Unicode char U+00CB (decimal 203)
   defining Unicode char U+00CC (decimal 204)
   defining Unicode char U+00CD (decimal 205)
   defining Unicode char U+00CE (decimal 206)
   defining Unicode char U+00CF (decimal 207)
   defining Unicode char U+00D0 (decimal 208)
   defining Unicode char U+00D1 (decimal 209)
   defining Unicode char U+00D2 (decimal 210)
   defining Unicode char U+00D3 (decimal 211)
   defining Unicode char U+00D4 (decimal 212)
   defining Unicode char U+00D5 (decimal 213)
   defining Unicode char U+00D6 (decimal 214)
   defining Unicode char U+00D8 (decimal 216)
   defining Unicode char U+00D9 (decimal 217)
   defining Unicode char U+00DA (decimal 218)
   defining Unicode char U+00DB (decimal 219)
   defining Unicode char U+00DC (decimal 220)
   defining Unicode char U+00DD (decimal 221)
   defining Unicode char U+00DE (decimal 222)
   defining Unicode char U+00DF (decimal 223)
   defining Unicode char U+00E0 (decimal 224)
   defining Unicode char U+00E1 (decimal 225)
   defining Unicode char U+00E2 (decimal 226)
   defining Unicode char U+00E3 (decimal 227)
   defining Unicode char U+00E4 (decimal 228)
   defining Unicode char U+00E5 (decimal 229)
   defining Unicode char U+00E6 (decimal 230)
   defining Unicode char U+00E7 (decimal 231)
   defining Unicode char U+00E8 (decimal 232)
   defining Unicode char U+00E9 (decimal 233)
   defining Unicode char U+00EA (decimal 234)
   defining Unicode char U+00EB (decimal 235)
   defining Unicode char U+00EC (decimal 236)
   defining Unicode char U+00ED (decimal 237)
   defining Unicode char U+00EE (decimal 238)
   defining Unicode char U+00EF (decimal 239)
   defining Unicode char U+00F0 (decimal 240)
   defining Unicode char U+00F1 (decimal 241)
   defining Unicode char U+00F2 (decimal 242)
   defining Unicode char U+00F3 (decimal 243)
   defining Unicode char U+00F4 (decimal 244)
   defining Unicode char U+00F5 (decimal 245)
   defining Unicode char U+00F6 (decimal 246)
   defining Unicode char U+00F8 (decimal 248)
   defining Unicode char U+00F9 (decimal 249)
   defining Unicode char U+00FA (decimal 250)
   defining Unicode char U+00FB (decimal 251)
   defining Unicode char U+00FC (decimal 252)
   defining Unicode char U+00FD (decimal 253)
   defining Unicode char U+00FE (decimal 254)
   defining Unicode char U+00FF (decimal 255)
   defining Unicode char U+0102 (decimal 258)
   defining Unicode char U+0103 (decimal 259)
   defining Unicode char U+0104 (decimal 260)
   defining Unicode char U+0105 (decimal 261)
   defining Unicode char U+0106 (decimal 262)
   defining Unicode char U+0107 (decimal 263)
   defining Unicode char U+010C (decimal 268)
   defining Unicode char U+010D (decimal 269)
   defining Unicode char U+010E (decimal 270)
   defining Unicode char U+010F (decimal 271)
   defining Unicode char U+0110 (decimal 272)
   defining Unicode char U+0111 (decimal 273)
   defining Unicode char U+0118 (decimal 280)
   defining Unicode char U+0119 (decimal 281)
   defining Unicode char U+011A (decimal 282)
   defining Unicode char U+011B (decimal 283)
   defining Unicode char U+011E (decimal 286)
   defining Unicode char U+011F (decimal 287)
   defining Unicode char U+0130 (decimal 304)
   defining Unicode char U+0131 (decimal 305)
   defining Unicode char U+0132 (decimal 306)
   defining Unicode char U+0133 (decimal 307)
   defining Unicode char U+0139 (decimal 313)
   defining Unicode char U+013A (decimal 314)
   defining Unicode char U+013D (decimal 317)
   defining Unicode char U+013E (decimal 318)
   defining Unicode char U+0141 (decimal 321)
   defining Unicode char U+0142 (decimal 322)
   defining Unicode char U+0143 (decimal 323)
   defining Unicode char U+0144 (decimal 324)
   defining Unicode char U+0147 (decimal 327)
   defining Unicode char U+0148 (decimal 328)
   defining Unicode char U+014A (decimal 330)
   defining Unicode char U+014B (decimal 331)
   defining Unicode char U+0150 (decimal 336)
   defining Unicode char U+0151 (decimal 337)
   defining Unicode char U+0152 (decimal 338)
   defining Unicode char U+0153 (decimal 339)
   defining Unicode char U+0154 (decimal 340)
   defining Unicode char U+0155 (decimal 341)
   defining Unicode char U+0158 (decimal 344)
   defining Unicode char U+0159 (decimal 345)
   defining Unicode char U+015A (decimal 346)
   defining Unicode char U+015B (decimal 347)
   defining Unicode char U+015E (decimal 350)
   defining Unicode char U+015F (decimal 351)
   defining Unicode char U+0160 (decimal 352)
   defining Unicode char U+0161 (decimal 353)
   defining Unicode char U+0162 (decimal 354)
   defining Unicode char U+0163 (decimal 355)
   defining Unicode char U+0164 (decimal 356)
   defining Unicode char U+0165 (decimal 357)
   defining Unicode char U+016E (decimal 366)
   defining Unicode char U+016F (decimal 367)
   defining Unicode char U+0170 (decimal 368)
   defining Unicode char U+0171 (decimal 369)
   defining Unicode char U+0178 (decimal 376)
   defining Unicode char U+0179 (decimal 377)
   defining Unicode char U+017A (decimal 378)
   defining Unicode char U+017B (decimal 379)
   defining Unicode char U+017C (decimal 380)
   defining Unicode char U+017D (decimal 381)
   defining Unicode char U+017E (decimal 382)
   defining Unicode char U+200C (decimal 8204)
   defining Unicode char U+2013 (decimal 8211)
   defining Unicode char U+2014 (decimal 8212)
   defining Unicode char U+2018 (decimal 8216)
   defining Unicode char U+2019 (decimal 8217)
   defining Unicode char U+201A (decimal 8218)
   defining Unicode char U+201C (decimal 8220)
   defining Unicode char U+201D (decimal 8221)
   defining Unicode char U+201E (decimal 8222)
   defining Unicode char U+2030 (decimal 8240)
   defining Unicode char U+2031 (decimal 8241)
   defining Unicode char U+2039 (decimal 8249)
   defining Unicode char U+203A (decimal 8250)
   defining Unicode char U+2423 (decimal 9251)
)
Now handling font encoding OT1 ...
... processing UTF-8 mapping file for font encoding OT1

(/usr/local/texlive/2010/texmf-dist/tex/latex/base/ot1enc.dfu
File: ot1enc.dfu 2008/04/05 v1.1m UTF-8 support for inputenc
   defining Unicode char U+00A1 (decimal 161)
   defining Unicode char U+00A3 (decimal 163)
   defining Unicode char U+00B8 (decimal 184)
   defining Unicode char U+00BF (decimal 191)
   defining Unicode char U+00C5 (decimal 197)
   defining Unicode char U+00C6 (decimal 198)
   defining Unicode char U+00D8 (decimal 216)
   defining Unicode char U+00DF (decimal 223)
   defining Unicode char U+00E6 (decimal 230)
   defining Unicode char U+00EC (decimal 236)
   defining Unicode char U+00ED (decimal 237)
   defining Unicode char U+00EE (decimal 238)
   defining Unicode char U+00EF (decimal 239)
   defining Unicode char U+00F8 (decimal 248)
   defining Unicode char U+0131 (decimal 305)
   defining Unicode char U+0141 (decimal 321)
   defining Unicode char U+0142 (decimal 322)
   defining Unicode char U+0152 (decimal 338)
   defining Unicode char U+0153 (decimal 339)
   defining Unicode char U+2013 (decimal 8211)
   defining Unicode char U+2014 (decimal 8212)
   defining Unicode char U+2018 (decimal 8216)
   defining Unicode char U+2019 (decimal 8217)
   defining Unicode char U+201C (decimal 8220)
   defining Unicode char U+201D (decimal 8221)
)
Now handling font encoding OMS ...
... processing UTF-8 mapping file for font encoding OMS

(/usr/local/texlive/2010/texmf-dist/tex/latex/base/omsenc.dfu
File: omsenc.dfu 2008/04/05 v1.1m UTF-8 support for inputenc
   defining Unicode char U+00A7 (decimal 167)
   defining Unicode char U+00B6 (decimal 182)
   defining Unicode char U+00B7 (decimal 183)
   defining Unicode char U+2020 (decimal 8224)
   defining Unicode char U+2021 (decimal 8225)
   defining Unicode char U+2022 (decimal 8226)
)
Now handling font encoding OMX ...
... no UTF-8 mapping file for font encoding OMX
Now handling font encoding U ...
... no UTF-8 mapping file for font encoding U
   defining Unicode char U+00A9 (decimal 169)
   defining Unicode char U+00AA (decimal 170)
   defining Unicode char U+00AE (decimal 174)
   defining Unicode char U+00BA (decimal 186)
   defining Unicode char U+02C6 (decimal 710)
   defining Unicode char U+02DC (decimal 732)
   defining Unicode char U+200C (decimal 8204)
   defining Unicode char U+2026 (decimal 8230)
   defining Unicode char U+2122 (decimal 8482)
   defining Unicode char U+2423 (decimal 9251)
))
(/usr/local/texlive/2010/texmf-dist/tex/latex/graphics/graphicx.sty
Package: graphicx 1999/02/16 v1.0f Enhanced LaTeX Graphics (DPC,SPQR)

(/usr/local/texlive/2010/texmf-dist/tex/latex/graphics/graphics.sty
Package: graphics 2009/02/05 v1.0o Standard LaTeX Graphics (DPC,SPQR)

(/usr/local/texlive/2010/texmf-dist/tex/latex/graphics/trig.sty
Package: trig 1999/03/16 v1.09 sin cos tan (DPC)
)
(/usr/local/texlive/2010/texmf-dist/tex/latex/latexconfig/graphics.cfg
File: graphics.cfg 2010/04/23 v1.9 graphics configuration of TeX Live
)
Package graphics Info: Driver file: pdftex.def on input line 91.

(/usr/local/texlive/2010/texmf-dist/tex/latex/pdftex-def/pdftex.def
File: pdftex.def 2010/09/14 v0.05b Graphics/color for pdfTeX
\Gread@gobject=\count90
))
\Gin@req@height=\dimen106
\Gin@req@width=\dimen107
)
(/usr/local/texlive/2010/texmf-dist/tex/latex/fancyhdr/fancyhdr.sty
\fancy@headwidth=\skip43
\f@ncyO@elh=\skip44
\f@ncyO@erh=\skip45
\f@ncyO@olh=\skip46
\f@ncyO@orh=\skip47
\f@ncyO@elf=\skip48
\f@ncyO@erf=\skip49
\f@ncyO@olf=\skip50
\f@ncyO@orf=\skip51
)
(/usr/local/texlive/2010/texmf-dist/tex/latex/lastpage/lastpage.sty
Package: lastpage 2010/09/24 v1.2f Refers to last page's name (HMM; JPG)
)
(/usr/local/texlive/2010/texmf-dist/tex/latex/hyperref/hyperref.sty
Package: hyperref 2010/09/17 v6.81q Hypertext links for LaTeX

(/usr/local/texlive/2010/texmf-dist/tex/generic/oberdiek/ltxcmds.sty
Package: ltxcmds 2010/04/26 v1.7 LaTeX kernel commands for general use (HO)
)
(/usr/local/texlive/2010/texmf-dist/tex/generic/oberdiek/infwarerr.sty
Package: infwarerr 2010/04/08 v1.3 Providing info/warning/message (HO)
)
(/usr/local/texlive/2010/texmf-dist/tex/generic/oberdiek/kvsetkeys.sty
Package: kvsetkeys 2010/03/01 v1.9 Key value parser (HO)

(/usr/local/texlive/2010/texmf-dist/tex/generic/oberdiek/etexcmds.sty
Package: etexcmds 2010/01/28 v1.3 Prefix for e-TeX command names (HO)
Package etexcmds Info: Could not find \expanded.
(etexcmds)             That can mean that you are not using pdfTeX 1.50 or
(etexcmds)             that some package has redefined \expanded.
(etexcmds)             In the latter case, load this package earlier.
))
(/usr/local/texlive/2010/texmf-dist/tex/generic/oberdiek/pdfescape.sty
Package: pdfescape 2010/03/01 v1.9 Provides hex, PDF name and string conversion
s (HO)

(/usr/local/texlive/2010/texmf-dist/tex/generic/oberdiek/pdftexcmds.sty
Package: pdftexcmds 2010/04/01 v0.9 Utility functions of pdfTeX for LuaTeX (HO)


(/usr/local/texlive/2010/texmf-dist/tex/generic/oberdiek/ifluatex.sty
Package: ifluatex 2010/03/01 v1.3 Provides the ifluatex switch (HO)
Package ifluatex Info: LuaTeX not detected.
)
Package pdftexcmds Info: LuaTeX not detected.
Package pdftexcmds Info: \pdf@primitive is available.
Package pdftexcmds Info: \pdf@ifprimitive is available.
))
(/usr/local/texlive/2010/texmf-dist/tex/generic/oberdiek/ifpdf.sty
Package: ifpdf 2010/01/28 v2.1 Provides the ifpdf switch (HO)
Package ifpdf Info: pdfTeX in pdf mode detected.
)
(/usr/local/texlive/2010/texmf-dist/tex/generic/oberdiek/ifvtex.sty
Package: ifvtex 2010/03/01 v1.5 Switches for detecting VTeX and its modes (HO)
Package ifvtex Info: VTeX not detected.
)
(/usr/local/texlive/2010/texmf-dist/tex/generic/ifxetex/ifxetex.sty
Package: ifxetex 2010/09/12 v0.6 Provides ifxetex conditional
)
(/usr/local/texlive/2010/texmf-dist/tex/latex/oberdiek/hycolor.sty
Package: hycolor 2009/12/12 v1.6 Color options of hyperref/bookmark (HO)

(/usr/local/texlive/2010/texmf-dist/tex/latex/oberdiek/xcolor-patch.sty
Package: xcolor-patch 2009/12/12 xcolor patch
))
(/usr/local/texlive/2010/texmf-dist/tex/latex/oberdiek/letltxmacro.sty
Package: letltxmacro 2008/06/24 v1.3 Let assignment for LaTeX macros (HO)
)
(/usr/local/texlive/2010/texmf-dist/tex/latex/oberdiek/kvoptions.sty
Package: kvoptions 2010/02/22 v3.7 Keyval support for LaTeX options (HO)
)
\@linkdim=\dimen108
\Hy@linkcounter=\count91
\Hy@pagecounter=\count92

(/usr/local/texlive/2010/texmf-dist/tex/latex/hyperref/pd1enc.def
File: pd1enc.def 2010/09/17 v6.81q Hyperref: PDFDocEncoding definition (HO)
Now handling font encoding PD1 ...
... no UTF-8 mapping file for font encoding PD1
)
(/usr/local/texlive/2010/texmf-dist/tex/generic/oberdiek/intcalc.sty
Package: intcalc 2007/09/27 v1.1 Expandable integer calculations (HO)
)
\Hy@SavedSpaceFactor=\count93

(/usr/local/texlive/2010/texmf-dist/tex/latex/latexconfig/hyperref.cfg
File: hyperref.cfg 2002/06/06 v1.2 hyperref configuration of TeXLive
)
Package hyperref Info: Hyper figures OFF on input line 3902.
Package hyperref Info: Link nesting OFF on input line 3907.
Package hyperref Info: Hyper index ON on input line 3910.
Package hyperref Info: Plain pages OFF on input line 3917.
Package hyperref Info: Backreferencing OFF on input line 3922.
Package hyperref Info: Implicit mode ON; LaTeX internals redefined.
Package hyperref Info: Bookmarks ON on input line 4132.
\c@Hy@tempcnt=\count94

(/usr/local/texlive/2010/texmf-dist/tex/latex/url/url.sty
\Urlmuskip=\muskip10
Package: url 2006/04/12  ver 3.3  Verb mode for urls, etc.
)
LaTeX Info: Redefining \url on input line 4487.

(/usr/local/texlive/2010/texmf-dist/tex/generic/oberdiek/bitset.sty
Package: bitset 2007/09/28 v1.0 Data type bit set (HO)

(/usr/local/texlive/2010/texmf-dist/tex/generic/oberdiek/bigintcalc.sty
Package: bigintcalc 2007/11/11 v1.1 Expandable big integer calculations (HO)
))
\Fld@menulength=\count95
\Field@Width=\dimen109
\Fld@charsize=\dimen110
Package hyperref Info: Hyper figures OFF on input line 5526.
Package hyperref Info: Link nesting OFF on input line 5531.
Package hyperref Info: Hyper index ON on input line 5534.
Package hyperref Info: backreferencing OFF on input line 5541.
Package hyperref Info: Link coloring OFF on input line 5546.
Package hyperref Info: Link coloring with OCG OFF on input line 5551.
Package hyperref Info: PDF/A mode OFF on input line 5556.
LaTeX Info: Redefining \ref on input line 5596.
LaTeX Info: Redefining \pageref on input line 5600.

(/usr/local/texlive/2010/texmf-dist/tex/generic/oberdiek/atbegshi.sty
Package: atbegshi 2010/03/25 v1.12 At begin shipout hook (HO)
)
\Hy@abspage=\count96
\c@Item=\count97
\c@Hfootnote=\count98
)

Package hyperref Message: Driver (autodetected): hpdftex.

(/usr/local/texlive/2010/texmf-dist/tex/latex/hyperref/hpdftex.def
File: hpdftex.def 2010/09/17 v6.81q Hyperref driver for pdfTeX

(/usr/local/texlive/2010/texmf-dist/tex/latex/oberdiek/atveryend.sty
Package: atveryend 2010/03/24 v1.5 Hooks at very end of document (HO)
Package atveryend Info: \enddocument detected (standard).
)
\Fld@listcount=\count99
\c@bookmark@seq@number=\count100

(/usr/local/texlive/2010/texmf-dist/tex/latex/oberdiek/rerunfilecheck.sty
Package: rerunfilecheck 2010/03/16 v1.6 Rerun checks for auxiliary files (HO)

(/usr/local/texlive/2010/texmf-dist/tex/generic/oberdiek/uniquecounter.sty
Package: uniquecounter 2009/12/18 v1.1 Provides unlimited unique counter (HO)
)
Package uniquecounter Info: New unique counter `rerunfilecheck' on input line 2
71.
)
\Hy@SectionHShift=\skip52
)
(/usr/local/texlive/2010/texmf-dist/tex/latex/float/float.sty
Package: float 2001/11/08 v1.3d Float enhancements (AL)
\c@float@type=\count101
\float@exts=\toks17
\float@box=\box26
\@float@everytoks=\toks18
\@floatcapt=\box27
)
(/usr/local/texlive/2010/texmf-dist/tex/latex/geometry/geometry.sty
Package: geometry 2010/09/12 v5.6 Page Geometry
\Gm@cnth=\count102
\Gm@cntv=\count103
\c@Gm@tempcnt=\count104
\Gm@bindingoffset=\dimen111
\Gm@wd@mp=\dimen112
\Gm@odd@mp=\dimen113
\Gm@even@mp=\dimen114
\Gm@layoutwidth=\dimen115
\Gm@layoutheight=\dimen116
\Gm@layouthoffset=\dimen117
\Gm@layoutvoffset=\dimen118
\Gm@dimlist=\toks19
))
(/Users/maximegaudin/Documents/Professionel/Projets INSA/4IF/TP/USDP/Rapport/co
mmon/commands.tex)
(/usr/local/texlive/2010/texmf-dist/tex/latex/tools/xspace.sty
Package: xspace 2006/05/08 v1.12 Space after command names (DPC,MH)
) (./main.aux)
\openout1 = `main.aux'.

LaTeX Font Info:    Checking defaults for OML/cmm/m/it on input line 11.
LaTeX Font Info:    ... okay on input line 11.
LaTeX Font Info:    Checking defaults for T1/cmr/m/n on input line 11.
LaTeX Font Info:    ... okay on input line 11.
LaTeX Font Info:    Checking defaults for OT1/cmr/m/n on input line 11.
LaTeX Font Info:    ... okay on input line 11.
LaTeX Font Info:    Checking defaults for OMS/cmsy/m/n on input line 11.
LaTeX Font Info:    ... okay on input line 11.
LaTeX Font Info:    Checking defaults for OMX/cmex/m/n on input line 11.
LaTeX Font Info:    ... okay on input line 11.
LaTeX Font Info:    Checking defaults for U/cmr/m/n on input line 11.
LaTeX Font Info:    ... okay on input line 11.
LaTeX Font Info:    Checking defaults for PD1/pdf/m/n on input line 11.
LaTeX Font Info:    ... okay on input line 11.
LaTeX Info: Redefining \degres on input line 11.
LaTeX Info: Redefining \dots on input line 11.
LaTeX Info: Redefining \up on input line 11.


Package frenchb.ldf Warning: OT1 encoding should not be used for French. 
(frenchb.ldf)                Add \usepackage[T1]{fontenc} to the preamble
(frenchb.ldf)                of your document, on input line 11.

(/usr/local/texlive/2010/texmf-dist/tex/context/base/supp-pdf.mkii
[Loading MPS to PDF converter (version 2006.09.02).]
\scratchcounter=\count105
\scratchdimen=\dimen119
\scratchbox=\box28
\nofMPsegments=\count106
\nofMParguments=\count107
\everyMPshowfont=\toks20
\MPscratchCnt=\count108
\MPscratchDim=\dimen120
\MPnumerator=\count109
\everyMPtoPDFconversion=\toks21
) (/usr/local/texlive/2010/texmf-dist/tex/latex/oberdiek/epstopdf-base.sty
Package: epstopdf-base 2010/02/09 v2.5 Base part for package epstopdf

(/usr/local/texlive/2010/texmf-dist/tex/latex/oberdiek/grfext.sty
Package: grfext 2007/09/30 v1.0 Managing graphics extensions (HO)
)
Package grfext Info: Graphics extension search list:
(grfext)             [.png,.pdf,.jpg,.mps,.jpeg,.jbig2,.jb2,.PNG,.PDF,.JPG,.JPE
G,.JBIG2,.JB2,.eps]
(grfext)             \AppendGraphicsExtensions on input line 436.

(/usr/local/texlive/2010/texmf-dist/tex/latex/latexconfig/epstopdf-sys.cfg
File: epstopdf-sys.cfg 2010/07/13 v1.3 Configuration of (r)epstopdf for TeX Liv
e
))
Package lastpage Info: Have a look at the pagesLTS package at
(lastpage)             http://www.ctan.org/tex-archive/ 
(lastpage)             macros/latex/contrib/pagesLTS/ 
(lastpage)             or
(lastpage)             http://www.ctan.org/tex-archive/ 
(lastpage)             install/macros/latex/contrib/pagesLTS.tds.zip
(lastpage)             ! on input line 11.
\AtBeginShipoutBox=\box29
Package hyperref Info: Link coloring OFF on input line 11.

(/usr/local/texlive/2010/texmf-dist/tex/latex/hyperref/nameref.sty
Package: nameref 2010/04/30 v2.40 Cross-referencing by name of section

(/usr/local/texlive/2010/texmf-dist/tex/latex/oberdiek/refcount.sty
Package: refcount 2008/08/11 v3.1 Data extraction from references (HO)
)
(/usr/local/texlive/2010/texmf-dist/tex/generic/oberdiek/gettitlestring.sty
Package: gettitlestring 2009/12/18 v1.3 Cleanup title references (HO)
)
\c@section@level=\count110
)
LaTeX Info: Redefining \ref on input line 11.
LaTeX Info: Redefining \pageref on input line 11.
LaTeX Info: Redefining \nameref on input line 11.

(./main.out) (./main.out)
\@outlinefile=\write3
\openout3 = `main.out'.


*geometry* driver: auto-detecting
*geometry* detected driver: pdftex
*geometry* verbose mode - [ preamble ] result:
* driver: pdftex
* paper: a4paper
* layout: <same size as paper>
* layoutoffset:(h,v)=(0.0pt,0.0pt)
* modes: 
* h-part:(L,W,R)=(71.13188pt, 455.24411pt, 71.13188pt)
* v-part:(T,H,B)=(56.9055pt, 731.23584pt, 56.9055pt)
* \paperwidth=597.50787pt
* \paperheight=845.04684pt
* \textwidth=455.24411pt
* \textheight=731.23584pt
* \oddsidemargin=-1.1381pt
* \evensidemargin=-1.1381pt
* \topmargin=-52.36449pt
* \headheight=12.0pt
* \headsep=25.0pt
* \topskip=11.0pt
* \footskip=30.0pt
* \marginparwidth=50.0pt
* \marginparsep=10.0pt
* \columnsep=10.0pt
* \skip\footins=10.0pt plus 4.0pt minus 2.0pt
* \hoffset=0.0pt
* \voffset=0.0pt
* \mag=1000
* \@twocolumnfalse
* \@twosidefalse
* \@mparswitchfalse
* \@reversemarginfalse
* (1in=72.27pt=25.4mm, 1cm=28.453pt)

LaTeX Font Info:    External font `cmex10' loaded for size
(Font)              <12> on input line 13.
LaTeX Font Info:    External font `cmex10' loaded for size
(Font)              <8> on input line 13.
LaTeX Font Info:    External font `cmex10' loaded for size
(Font)              <6> on input line 13.
(./main.toc
LaTeX Font Info:    External font `cmex10' loaded for size
(Font)              <10.95> on input line 5.
 [1

{/usr/local/texlive/2010/texmf-var/fonts/map/pdftex/updmap/pdftex.map}]

Package Fancyhdr Warning: \headheight is too small (12.0pt): 
 Make it at least 14.4521pt.
 We now make it that large for the rest of the document.
 This may cause the page layout to be inconsistent, however.

[2])
\tf@toc=\write4
\openout4 = `main.toc'.

 [3]
(/Users/maximegaudin/Documents/Professionel/Projets INSA/4IF/TP/USDP/Rapport/De
finitions/src/commands.tex)
(/Users/maximegaudin/Documents/Professionel/Projets INSA/4IF/TP/USDP/Rapport/De
finitions/src/core.tex
Underfull \hbox (badness 3049) in paragraph at lines 3--3
[]\OT1/cmr/bx/n/10.95 Objet m^^Setier haut
 []


Underfull \hbox (badness 5681) in paragraph at lines 16--16
[]\OT1/cmr/m/n/10.95 En mode ma-nuel, l'in-ter-ven-tion d'un op^^Serateur est
 []

) [4]
(/Users/maximegaudin/Documents/Professionel/Projets INSA/4IF/TP/USDP/Rapport/Li
steBesoins/src/commands.tex
\c@cntBesoins=\count111
)
(/Users/maximegaudin/Documents/Professionel/Projets INSA/4IF/TP/USDP/Rapport/Li
steBesoins/src/core.tex

Package hyperref Warning: Difference (2) between bookmark levels is greater 
(hyperref)                than one, level fixed on input line 1.

) [5]
(/Users/maximegaudin/Documents/Professionel/Projets INSA/4IF/TP/USDP/Rapport/Us
eCases/Descriptions/src/commands.tex)
(/Users/maximegaudin/Documents/Professionel/Projets INSA/4IF/TP/USDP/Rapport/Us
eCases/Descriptions/src/core.tex
<../img/Usecases/Hierarchie.png, id=502, 746.03719pt x 246.9225pt>
File: ../img/Usecases/Hierarchie.png Graphic file (type png)

<use ../img/Usecases/Hierarchie.png> [6pdfTeX warning (ext4): destination with 
the same identifier (name{figure.1}) has been already used, duplicate ignored

\AtBegShi@Output ...ipout \box \AtBeginShipoutBox 
                                                  \fi \fi 
l.44 \subsection
                {Horloge} <../img/Usecases/Hierarchie.png>]
<../img/Usecases/BesoinsCommuns.png, id=512, 400.49625pt x 309.40594pt>
File: ../img/Usecases/BesoinsCommuns.png Graphic file (type png)

<use ../img/Usecases/BesoinsCommuns.png>
<../img/Usecases/Configuration.png, id=516, 600.74437pt x 506.6428pt>
File: ../img/Usecases/Configuration.png Graphic file (type png)

<use ../img/Usecases/Configuration.png> [7pdfTeX warning (ext4): destination wi
th the same identifier (name{figure.2}) has been already used, duplicate ignore
d

\AtBegShi@Output ...ipout \box \AtBeginShipoutBox 
                                                  \fi \fi 
l.76 
      <../img/Usecases/BesoinsCommuns.png>]
<../img/Usecases/Simulation.png, id=532, 569.12625pt x 730.22812pt>
File: ../img/Usecases/Simulation.png Graphic file (type png)

<use ../img/Usecases/Simulation.png> [8pdfTeX warning (ext4): destination with 
the same identifier (name{figure.3}) has been already used, duplicate ignored

\AtBegShi@Output ...ipout \box \AtBeginShipoutBox 
                                                  \fi \fi 
l.89 
      <../img/Usecases/Configuration.png>] [9pdfTeX warning (ext4): destination
 with the same identifier (name{figure.4}) has been already used, duplicate ign
ored

\AtBegShi@Output ...ipout \box \AtBeginShipoutBox 
                                                  \fi \fi 
l.104 
       <../img/Usecases/Simulation.png>]
<../img/Usecases/Exploitation.png, id=558, 628.59843pt x 688.82344pt>
File: ../img/Usecases/Exploitation.png Graphic file (type png)

<use ../img/Usecases/Exploitation.png> [10] [11pdfTeX warning (ext4): destinati
on with the same identifier (name{figure.5}) has been already used, duplicate i
gnored

\AtBegShi@Output ...ipout \box \AtBeginShipoutBox 
                                                  \fi \fi 
l.138 \subsection
                 {Mettre à jour l'état du système périodiquement} <../img/U
secases/Exploitation.png>]

LaTeX Warning: Reference `passiveSensors' on page 12 undefined on input line 13
9.

<../img/Usecases/Maintenance.png, id=582, 688.82344pt x 514.92375pt>
File: ../img/Usecases/Maintenance.png Graphic file (type png)

<use ../img/Usecases/Maintenance.png> [12pdfTeX warning (ext4): destination wit
h the same identifier (name{figure.6}) has been already used, duplicate ignored


\AtBegShi@Output ...ipout \box \AtBeginShipoutBox 
                                                  \fi \fi 
l.162 
       <../img/Usecases/Maintenance.png>]
<../img/Usecases/Reclamations.png, id=598, 585.68813pt x 373.395pt>
File: ../img/Usecases/Reclamations.png Graphic file (type png)

<use ../img/Usecases/Reclamations.png>) [13pdfTeX warning (ext4): destination w
ith the same identifier (name{figure.7}) has been already used, duplicate ignor
ed

\AtBegShi@Output ...ipout \box \AtBeginShipoutBox 
                                                  \fi \fi 
l.30 	\newpage
               <../img/Usecases/Reclamations.png>]
(/Users/maximegaudin/Documents/Professionel/Projets INSA/4IF/TP/USDP/Rapport/Us
eCases/Scenarios/src/commands.tex
\c@cntScenario=\count112
)
(/Users/maximegaudin/Documents/Professionel/Projets INSA/4IF/TP/USDP/Rapport/Us
eCases/Scenarios/src/core.tex
Overfull \hbox (134.31592pt too wide) in paragraph at lines 6--7
[]\OT1/cmr/m/n/10.95 * [] 
 []


Underfull \hbox (badness 10000) in paragraph at lines 6--7

 []


Underfull \hbox (badness 10000) in paragraph at lines 6--7

 []


Overfull \hbox (134.31592pt too wide) in paragraph at lines 7--8
[]\OT1/cmr/m/n/10.95 * [] 
 []


Underfull \hbox (badness 10000) in paragraph at lines 7--8

 []


Underfull \hbox (badness 10000) in paragraph at lines 7--8

 []


Overfull \hbox (134.31592pt too wide) in paragraph at lines 8--9
[]\OT1/cmr/m/n/10.95 * [] 
 []


Underfull \hbox (badness 10000) in paragraph at lines 8--9

 []


Underfull \hbox (badness 10000) in paragraph at lines 8--9

 []


Overfull \hbox (134.31592pt too wide) in paragraph at lines 12--13
[]\OT1/cmr/m/n/10.95 * [] 
 []


Underfull \hbox (badness 10000) in paragraph at lines 12--13

 []


Underfull \hbox (badness 10000) in paragraph at lines 12--13

 []


Overfull \hbox (134.31592pt too wide) in paragraph at lines 13--14
[]\OT1/cmr/m/n/10.95 * [] 
 []


Underfull \hbox (badness 10000) in paragraph at lines 13--14

 []


Underfull \hbox (badness 10000) in paragraph at lines 13--14

 []


Overfull \hbox (134.31592pt too wide) in paragraph at lines 14--15
[]\OT1/cmr/m/n/10.95 * [] 
 []


Underfull \hbox (badness 10000) in paragraph at lines 14--15

 []


Underfull \hbox (badness 10000) in paragraph at lines 14--15

 []


Underfull \hbox (badness 10000) in paragraph at lines 21--22

 []


Overfull \hbox (126.40758pt too wide) in paragraph at lines 22--23
[][] 
 []


Underfull \hbox (badness 10000) in paragraph at lines 22--23

 []


Underfull \hbox (badness 10000) in paragraph at lines 22--23

 []


Overfull \hbox (126.40758pt too wide) in paragraph at lines 23--24
[][] 
 []


Underfull \hbox (badness 10000) in paragraph at lines 23--24

 []


Underfull \hbox (badness 10000) in paragraph at lines 23--24

 []


Overfull \hbox (126.40758pt too wide) in paragraph at lines 24--25
[][] 
 []


Underfull \hbox (badness 10000) in paragraph at lines 24--25

 []


Underfull \hbox (badness 10000) in paragraph at lines 24--25

 []


Overfull \hbox (126.40758pt too wide) in paragraph at lines 25--26
[][] 
 []


Underfull \hbox (badness 10000) in paragraph at lines 25--26

 []


Underfull \hbox (badness 10000) in paragraph at lines 25--26

 []


Overfull \hbox (126.40758pt too wide) in paragraph at lines 26--27
[][] 
 []


Underfull \hbox (badness 10000) in paragraph at lines 26--27

 []


Underfull \hbox (badness 10000) in paragraph at lines 26--27

 []

[14]
Overfull \hbox (126.40758pt too wide) in paragraph at lines 27--28
[][] 
 []


Underfull \hbox (badness 10000) in paragraph at lines 27--28

 []


Underfull \hbox (badness 10000) in paragraph at lines 27--28

 []


Overfull \hbox (126.40758pt too wide) in paragraph at lines 31--32
[][] 
 []


Underfull \hbox (badness 10000) in paragraph at lines 31--32

 []


Underfull \hbox (badness 10000) in paragraph at lines 31--32

 []


Overfull \hbox (126.40758pt too wide) in paragraph at lines 35--36
[][] 
 []


Underfull \hbox (badness 10000) in paragraph at lines 35--36

 []


Underfull \hbox (badness 10000) in paragraph at lines 35--36

 []


Overfull \hbox (126.40758pt too wide) in paragraph at lines 36--37
[][] 
 []


Underfull \hbox (badness 10000) in paragraph at lines 36--37

 []


Underfull \hbox (badness 10000) in paragraph at lines 36--37

 []


Overfull \hbox (126.40758pt too wide) in paragraph at lines 37--38
[][] 
 []


Underfull \hbox (badness 10000) in paragraph at lines 37--38

 []


Underfull \hbox (badness 10000) in paragraph at lines 37--38

 []


Overfull \hbox (126.40758pt too wide) in paragraph at lines 38--39
[][] 
 []


Underfull \hbox (badness 10000) in paragraph at lines 38--39

 []


Underfull \hbox (badness 10000) in paragraph at lines 38--39

 []


Overfull \hbox (126.40758pt too wide) in paragraph at lines 39--40
[][] 
 []


Underfull \hbox (badness 10000) in paragraph at lines 39--40

 []


Underfull \hbox (badness 10000) in paragraph at lines 39--40

 []


Overfull \hbox (126.40758pt too wide) in paragraph at lines 40--41
[][] 
 []


Underfull \hbox (badness 10000) in paragraph at lines 40--41

 []


Underfull \hbox (badness 10000) in paragraph at lines 40--41

 []


Overfull \hbox (126.40758pt too wide) in paragraph at lines 41--42
[][] 
 []


Underfull \hbox (badness 10000) in paragraph at lines 41--42

 []


Underfull \hbox (badness 10000) in paragraph at lines 41--42

 []


Overfull \hbox (126.40758pt too wide) in paragraph at lines 47--48
[][] 
 []


Underfull \hbox (badness 10000) in paragraph at lines 47--48

 []


Underfull \hbox (badness 10000) in paragraph at lines 47--48

 []


Overfull \hbox (126.40758pt too wide) in paragraph at lines 48--49
[][] 
 []


Underfull \hbox (badness 10000) in paragraph at lines 48--49

 []


Underfull \hbox (badness 10000) in paragraph at lines 48--49

 []


Overfull \hbox (126.40758pt too wide) in paragraph at lines 52--53
[][] 
 []


Underfull \hbox (badness 10000) in paragraph at lines 52--53

 []


Underfull \hbox (badness 10000) in paragraph at lines 52--53

 []

[15]
Overfull \hbox (126.40758pt too wide) in paragraph at lines 53--54
[][] 
 []


Underfull \hbox (badness 10000) in paragraph at lines 53--54

 []


Underfull \hbox (badness 10000) in paragraph at lines 53--54

 []


Overfull \hbox (126.40758pt too wide) in paragraph at lines 54--55
[][] 
 []


Underfull \hbox (badness 10000) in paragraph at lines 54--55

 []


Underfull \hbox (badness 10000) in paragraph at lines 54--55

 []


Overfull \hbox (126.40758pt too wide) in paragraph at lines 55--56
[][] 
 []


Underfull \hbox (badness 10000) in paragraph at lines 55--56

 []


Underfull \hbox (badness 10000) in paragraph at lines 55--56

 []


Overfull \hbox (126.40758pt too wide) in paragraph at lines 56--57
[][] 
 []


Underfull \hbox (badness 10000) in paragraph at lines 56--57

 []


Underfull \hbox (badness 10000) in paragraph at lines 56--57

 []


Overfull \hbox (126.40758pt too wide) in paragraph at lines 57--58
[][] 
 []


Underfull \hbox (badness 10000) in paragraph at lines 57--58

 []


Underfull \hbox (badness 10000) in paragraph at lines 57--58

 []


Overfull \hbox (134.31592pt too wide) in paragraph at lines 61--62
[]\OT1/cmr/m/n/10.95 * [] 
 []


Underfull \hbox (badness 10000) in paragraph at lines 61--62

 []


Underfull \hbox (badness 10000) in paragraph at lines 61--62

 []


Overfull \hbox (134.31592pt too wide) in paragraph at lines 62--63
[]\OT1/cmr/m/n/10.95 * [] 
 []


Underfull \hbox (badness 10000) in paragraph at lines 62--63

 []


Underfull \hbox (badness 10000) in paragraph at lines 62--63

 []


Overfull \hbox (134.31592pt too wide) in paragraph at lines 63--64
[]\OT1/cmr/m/n/10.95 * [] 
 []


Underfull \hbox (badness 10000) in paragraph at lines 63--64

 []


Underfull \hbox (badness 10000) in paragraph at lines 63--64

 []


Overfull \hbox (134.31592pt too wide) in paragraph at lines 67--68
[]\OT1/cmr/m/n/10.95 * [] 
 []


Underfull \hbox (badness 10000) in paragraph at lines 67--68

 []


Underfull \hbox (badness 10000) in paragraph at lines 67--68

 []


Overfull \hbox (134.31592pt too wide) in paragraph at lines 68--69
[]\OT1/cmr/m/n/10.95 * [] 
 []


Underfull \hbox (badness 10000) in paragraph at lines 68--69

 []


Underfull \hbox (badness 10000) in paragraph at lines 68--69

 []


Overfull \hbox (134.31592pt too wide) in paragraph at lines 72--73
[]\OT1/cmr/m/n/10.95 * [] 
 []


Underfull \hbox (badness 10000) in paragraph at lines 72--73

 []


Underfull \hbox (badness 10000) in paragraph at lines 72--73

 []


Overfull \hbox (134.31592pt too wide) in paragraph at lines 73--74
[]\OT1/cmr/m/n/10.95 * [] 
 []


Underfull \hbox (badness 10000) in paragraph at lines 73--74

 []


Underfull \hbox (badness 10000) in paragraph at lines 73--74

 []


Overfull \hbox (134.31592pt too wide) in paragraph at lines 74--75
[]\OT1/cmr/m/n/10.95 * [] 
 []


Underfull \hbox (badness 10000) in paragraph at lines 74--75

 []


Underfull \hbox (badness 10000) in paragraph at lines 74--75

 []

[16]
Overfull \hbox (134.31592pt too wide) in paragraph at lines 75--76
[]\OT1/cmr/m/n/10.95 * [] 
 []


Underfull \hbox (badness 10000) in paragraph at lines 75--76

 []


Underfull \hbox (badness 10000) in paragraph at lines 75--76

 []


Overfull \hbox (134.31592pt too wide) in paragraph at lines 79--80
[]\OT1/cmr/m/n/10.95 * [] 
 []


Underfull \hbox (badness 10000) in paragraph at lines 79--80

 []


Underfull \hbox (badness 10000) in paragraph at lines 79--80

 []


Overfull \hbox (134.31592pt too wide) in paragraph at lines 80--81
[]\OT1/cmr/m/n/10.95 * [] 
 []


Underfull \hbox (badness 10000) in paragraph at lines 80--81

 []


Underfull \hbox (badness 10000) in paragraph at lines 80--81

 []


Overfull \hbox (134.31592pt too wide) in paragraph at lines 81--82
[]\OT1/cmr/m/n/10.95 * [] 
 []


Underfull \hbox (badness 10000) in paragraph at lines 81--82

 []


Underfull \hbox (badness 10000) in paragraph at lines 81--82

 []


Overfull \hbox (134.31592pt too wide) in paragraph at lines 82--83
[]\OT1/cmr/m/n/10.95 * [] 
 []


Underfull \hbox (badness 10000) in paragraph at lines 82--83

 []


Underfull \hbox (badness 10000) in paragraph at lines 82--83

 []


Overfull \hbox (134.31592pt too wide) in paragraph at lines 86--87
[]\OT1/cmr/m/n/10.95 * [] 
 []


Underfull \hbox (badness 10000) in paragraph at lines 86--87

 []


Underfull \hbox (badness 10000) in paragraph at lines 86--87

 []


Overfull \hbox (134.31592pt too wide) in paragraph at lines 87--88
[]\OT1/cmr/m/n/10.95 * [] 
 []


Underfull \hbox (badness 10000) in paragraph at lines 87--88

 []


Underfull \hbox (badness 10000) in paragraph at lines 87--88

 []


Overfull \hbox (134.31592pt too wide) in paragraph at lines 88--89
[]\OT1/cmr/m/n/10.95 * [] 
 []


Underfull \hbox (badness 10000) in paragraph at lines 88--89

 []


Underfull \hbox (badness 10000) in paragraph at lines 88--89

 []


Overfull \hbox (134.31592pt too wide) in paragraph at lines 89--90
[]\OT1/cmr/m/n/10.95 * [] 
 []


Underfull \hbox (badness 10000) in paragraph at lines 89--90

 []


Underfull \hbox (badness 10000) in paragraph at lines 89--90

 []


Overfull \hbox (134.31592pt too wide) in paragraph at lines 90--91
[]\OT1/cmr/m/n/10.95 * [] 
 []


Underfull \hbox (badness 10000) in paragraph at lines 90--91

 []


Underfull \hbox (badness 10000) in paragraph at lines 90--91

 []


Overfull \hbox (134.31592pt too wide) in paragraph at lines 91--92
[]\OT1/cmr/m/n/10.95 * [] 
 []


Underfull \hbox (badness 10000) in paragraph at lines 91--92

 []


Underfull \hbox (badness 10000) in paragraph at lines 91--92

 []


Overfull \hbox (134.31592pt too wide) in paragraph at lines 95--96
[]\OT1/cmr/m/n/10.95 * [] 
 []


Underfull \hbox (badness 10000) in paragraph at lines 95--96

 []


Underfull \hbox (badness 10000) in paragraph at lines 95--96

 []


Overfull \hbox (134.31592pt too wide) in paragraph at lines 99--100
[]\OT1/cmr/m/n/10.95 * [] 
 []


Underfull \hbox (badness 10000) in paragraph at lines 99--100

 []


Underfull \hbox (badness 10000) in paragraph at lines 99--100

 []

[17]
Overfull \hbox (134.31592pt too wide) in paragraph at lines 100--101
[]\OT1/cmr/m/n/10.95 * [] 
 []


Underfull \hbox (badness 10000) in paragraph at lines 100--101

 []


Underfull \hbox (badness 10000) in paragraph at lines 100--101

 []


Overfull \hbox (126.40758pt too wide) in paragraph at lines 107--108
[][] 
 []


Underfull \hbox (badness 10000) in paragraph at lines 107--108

 []


Underfull \hbox (badness 10000) in paragraph at lines 107--108

 []


Overfull \hbox (126.40758pt too wide) in paragraph at lines 108--109
[][] 
 []


Underfull \hbox (badness 10000) in paragraph at lines 108--109

 []


Underfull \hbox (badness 10000) in paragraph at lines 108--109

 []


Overfull \hbox (126.40758pt too wide) in paragraph at lines 109--110
[][] 
 []


Underfull \hbox (badness 10000) in paragraph at lines 109--110

 []


Underfull \hbox (badness 10000) in paragraph at lines 109--110

 []


Overfull \hbox (126.40758pt too wide) in paragraph at lines 113--114
[][] 
 []


Underfull \hbox (badness 10000) in paragraph at lines 113--114

 []


Underfull \hbox (badness 10000) in paragraph at lines 113--114

 []


Overfull \hbox (126.40758pt too wide) in paragraph at lines 117--118
[][] 
 []


Underfull \hbox (badness 10000) in paragraph at lines 117--118

 []


Underfull \hbox (badness 10000) in paragraph at lines 117--118

 []


Overfull \hbox (126.40758pt too wide) in paragraph at lines 121--122
[][] 
 []


Underfull \hbox (badness 10000) in paragraph at lines 121--122

 []


Underfull \hbox (badness 10000) in paragraph at lines 121--122

 []


Overfull \hbox (126.40758pt too wide) in paragraph at lines 125--126
[][] 
 []


Underfull \hbox (badness 10000) in paragraph at lines 125--126

 []


Underfull \hbox (badness 10000) in paragraph at lines 125--126

 []


Overfull \hbox (126.40758pt too wide) in paragraph at lines 126--127
[][] 
 []


Underfull \hbox (badness 10000) in paragraph at lines 126--127

 []


Underfull \hbox (badness 10000) in paragraph at lines 126--127

 []


Overfull \hbox (126.40758pt too wide) in paragraph at lines 133--134
[][] 
 []


Underfull \hbox (badness 10000) in paragraph at lines 133--134

 []


Underfull \hbox (badness 10000) in paragraph at lines 133--134

 []

[18]
Overfull \hbox (126.40758pt too wide) in paragraph at lines 137--138
[][] 
 []


Underfull \hbox (badness 10000) in paragraph at lines 137--138

 []


Underfull \hbox (badness 10000) in paragraph at lines 137--138

 []


Overfull \hbox (126.40758pt too wide) in paragraph at lines 138--139
[][] 
 []


Underfull \hbox (badness 10000) in paragraph at lines 138--139

 []


Underfull \hbox (badness 10000) in paragraph at lines 138--139

 []


Overfull \hbox (126.40758pt too wide) in paragraph at lines 142--143
[][] 
 []


Underfull \hbox (badness 10000) in paragraph at lines 142--143

 []


Underfull \hbox (badness 10000) in paragraph at lines 142--143

 []


Overfull \hbox (126.40758pt too wide) in paragraph at lines 143--144
[][] 
 []


Underfull \hbox (badness 10000) in paragraph at lines 143--144

 []


Underfull \hbox (badness 10000) in paragraph at lines 143--144

 []


Overfull \hbox (126.40758pt too wide) in paragraph at lines 144--145
[][] 
 []


Underfull \hbox (badness 10000) in paragraph at lines 144--145

 []


Underfull \hbox (badness 10000) in paragraph at lines 144--145

 []


Overfull \hbox (126.40758pt too wide) in paragraph at lines 145--146
[][] 
 []


Underfull \hbox (badness 10000) in paragraph at lines 145--146

 []


Underfull \hbox (badness 10000) in paragraph at lines 145--146

 []


Overfull \hbox (126.40758pt too wide) in paragraph at lines 147--148
[][] 
 []


Underfull \hbox (badness 10000) in paragraph at lines 147--148

 []


Underfull \hbox (badness 10000) in paragraph at lines 147--148

 []


Overfull \hbox (126.40758pt too wide) in paragraph at lines 148--149
[][] 
 []


Underfull \hbox (badness 10000) in paragraph at lines 148--149

 []


Underfull \hbox (badness 10000) in paragraph at lines 148--149

 []


Overfull \hbox (126.40758pt too wide) in paragraph at lines 156--157
[][] 
 []


Underfull \hbox (badness 10000) in paragraph at lines 156--157

 []


Underfull \hbox (badness 10000) in paragraph at lines 156--157

 []


Overfull \hbox (126.40758pt too wide) in paragraph at lines 157--158
[][] 
 []


Underfull \hbox (badness 10000) in paragraph at lines 157--158

 []


Underfull \hbox (badness 10000) in paragraph at lines 157--158

 []


Overfull \hbox (126.40758pt too wide) in paragraph at lines 158--159
[][] 
 []


Underfull \hbox (badness 10000) in paragraph at lines 158--159

 []


Underfull \hbox (badness 10000) in paragraph at lines 158--159

 []


Overfull \hbox (126.40758pt too wide) in paragraph at lines 159--160
[][] 
 []


Underfull \hbox (badness 10000) in paragraph at lines 159--160

 []


Underfull \hbox (badness 10000) in paragraph at lines 159--160

 []

[19]
Overfull \hbox (126.40758pt too wide) in paragraph at lines 163--164
[][] 
 []


Underfull \hbox (badness 10000) in paragraph at lines 163--164

 []


Underfull \hbox (badness 10000) in paragraph at lines 163--164

 []


Overfull \hbox (126.40758pt too wide) in paragraph at lines 167--168
[][] 
 []


Underfull \hbox (badness 10000) in paragraph at lines 167--168

 []


Underfull \hbox (badness 10000) in paragraph at lines 167--168

 []


Overfull \hbox (126.40758pt too wide) in paragraph at lines 171--172
[][] 
 []


Underfull \hbox (badness 10000) in paragraph at lines 171--172

 []


Underfull \hbox (badness 10000) in paragraph at lines 171--172

 []


Overfull \hbox (126.40758pt too wide) in paragraph at lines 172--173
[][] 
 []


Underfull \hbox (badness 10000) in paragraph at lines 172--173

 []


Underfull \hbox (badness 10000) in paragraph at lines 172--173

 []

) AED: lastpage setting LastPage 

Overfull \hbox (126.40758pt too wide) in paragraph at lines 173--34
[][] 
 []


Underfull \hbox (badness 10000) in paragraph at lines 173--34

 []


Underfull \hbox (badness 10000) in paragraph at lines 173--34

 []

[20]
Package atveryend Info: Empty hook `BeforeClearDocument' on input line 34.
Package atveryend Info: Empty hook `AfterLastShipout' on input line 34.
 (./main.aux)
Package atveryend Info: Executing hook `AtVeryEndDocument' on input line 34.
Package rerunfilecheck Info: File `main.out' has not changed.
(rerunfilecheck)             Checksum: 4B7740D9487D24959BC43EA3FC7BAF76;7595.


LaTeX Warning: There were undefined references.

 ) 
Here is how much of TeX's memory you used:
 6650 strings out of 493738
 100638 string characters out of 3143023
 200236 words of memory out of 3000000
 9659 multiletter control sequences out of 15000+200000
 11377 words of font info for 39 fonts, out of 3000000 for 9000
 714 hyphenation exceptions out of 8191
 33i,12n,43p,345b,500s stack positions out of 5000i,500n,10000p,200000b,50000s
</usr/local/texlive/2010/texmf-dist/fonts/type1/public/amsfonts/cm/cmbx10.pfb
></usr/local/texlive/2010/texmf-dist/fonts/type1/public/amsfonts/cm/cmbx12.pfb>
</usr/local/texlive/2010/texmf-dist/fonts/type1/public/amsfonts/cm/cmcsc10.pfb>
</usr/local/texlive/2010/texmf-dist/fonts/type1/public/amsfonts/cm/cmr10.pfb></
usr/local/texlive/2010/texmf-dist/fonts/type1/public/amsfonts/cm/cmr12.pfb></us
r/local/texlive/2010/texmf-dist/fonts/type1/public/amsfonts/cm/cmr8.pfb></usr/l
ocal/texlive/2010/texmf-dist/fonts/type1/public/amsfonts/cm/cmr9.pfb></usr/loca
l/texlive/2010/texmf-dist/fonts/type1/public/amsfonts/cm/cmsl10.pfb></usr/local
/texlive/2010/texmf-dist/fonts/type1/public/amsfonts/cm/cmsl9.pfb></usr/local/t
exlive/2010/texmf-dist/fonts/type1/public/amsfonts/cm/cmsy6.pfb></usr/local/tex
live/2010/texmf-dist/fonts/type1/public/amsfonts/cm/cmti10.pfb>
Output written on main.pdf (20 pages, 424705 bytes).
PDF statistics:
 707 PDF objects out of 1000 (max. 8388607)
 653 compressed objects within 7 object streams
 123 named destinations out of 1000 (max. 500000)
 780 words of extra memory for PDF output out of 10000 (max. 10000000)

