\BOOKMARK [1][-]{section.1}{Besoins communs}{}% 1
\BOOKMARK [2][-]{subsection.1.1}{Visualisation statique}{section.1}% 2
\BOOKMARK [2][-]{subsection.1.2}{Visualisation dynamique}{section.1}% 3
\BOOKMARK [1][-]{section.2}{Configuration}{}% 4
\BOOKMARK [2][-]{subsection.2.1}{Effectuer des op\351rations sur un \351l\351ment}{section.2}% 5
\BOOKMARK [2][-]{subsection.2.2}{Simuler}{section.2}% 6
\BOOKMARK [2][-]{subsection.2.3}{G\351rer la persistance de la configuration}{section.2}% 7
\BOOKMARK [1][-]{section.3}{Simulation}{}% 8
\BOOKMARK [2][-]{subsection.3.1}{Charger une configuration pour la simulation}{section.3}% 9
\BOOKMARK [2][-]{subsection.3.2}{G\351rer la persistance d'une simulation}{section.3}% 10
\BOOKMARK [2][-]{subsection.3.3}{G\351rer la liste des vols}{section.3}% 11
\BOOKMARK [2][-]{subsection.3.4}{Changer le mode de simulation}{section.3}% 12
\BOOKMARK [2][-]{subsection.3.5}{Agir sur les \351l\351ments visualis\351s}{section.3}% 13
\BOOKMARK [2][-]{subsection.3.6}{Effectuer des op\351rations sur l'avancement de la simulation}{section.3}% 14
\BOOKMARK [2][-]{subsection.3.7}{G\351rer les \351v\351nements}{section.3}% 15
\BOOKMARK [2][-]{subsection.3.8}{D\351clencher les \351v\351nements}{section.3}% 16
\BOOKMARK [2][-]{subsection.3.9}{Mettre \340 jour l'\351tat du syst\350me}{section.3}% 17
\BOOKMARK [1][-]{section.4}{Exploitation}{}% 18
\BOOKMARK [2][-]{subsection.4.1}{Effectuer une op\351ration prot\351g\351e}{section.4}% 19
\BOOKMARK [2][-]{subsection.4.2}{Acheminer automatiquement les bagages}{section.4}% 20
\BOOKMARK [2][-]{subsection.4.3}{Arr\352ter d'urgence le syst\350me}{section.4}% 21
\BOOKMARK [2][-]{subsection.4.4}{G\351rer la persistance des configurations et des fichiers de logs}{section.4}% 22
\BOOKMARK [2][-]{subsection.4.5}{Mettre \340 jour l'\351tat du syst\350me}{section.4}% 23
\BOOKMARK [2][-]{subsection.4.6}{Maintenance}{section.4}% 24
\BOOKMARK [2][-]{subsection.4.7}{Visualiser les r\351sultats}{section.4}% 25
\BOOKMARK [2][-]{subsection.4.8}{G\351rer les interventions}{section.4}% 26
\BOOKMARK [2][-]{subsection.4.9}{G\351rer la persistance des fichiers \351lectroniques d'intervention et des fichiers de journaux}{section.4}% 27
\BOOKMARK [2][-]{subsection.4.10}{R\351clamation}{section.4}% 28
\BOOKMARK [2][-]{subsection.4.11}{G\351rer un dossier de litige}{section.4}% 29
\BOOKMARK [2][-]{subsection.4.12}{Cr\351er un nouvel identifiant voyageur}{section.4}% 30
\BOOKMARK [2][-]{subsection.4.13}{Se renseigner sur un bagage}{section.4}% 31
\BOOKMARK [2][-]{subsection.4.14}{G\351rer la persistance des dossiers de litiges}{section.4}% 32
