\BOOKMARK [1][-]{section.1}{Acteurs et r\364les}{}% 1
\BOOKMARK [2][-]{subsection.1.1}{Utilisateur client graphique}{section.1}% 2
\BOOKMARK [2][-]{subsection.1.2}{Utilisateur configuration}{section.1}% 3
\BOOKMARK [2][-]{subsection.1.3}{Utilisateur simulation}{section.1}% 4
\BOOKMARK [2][-]{subsection.1.4}{Utilisateur exploitation}{section.1}% 5
\BOOKMARK [2][-]{subsection.1.5}{Utilisateur maintenance}{section.1}% 6
\BOOKMARK [2][-]{subsection.1.6}{Utilisateur gestion r\351clamation}{section.1}% 7
\BOOKMARK [2][-]{subsection.1.7}{Objet actif}{section.1}% 8
\BOOKMARK [2][-]{subsection.1.8}{Capteur actif}{section.1}% 9
\BOOKMARK [2][-]{subsection.1.9}{Capteur passif}{section.1}% 10
\BOOKMARK [2][-]{subsection.1.10}{Horloge}{section.1}% 11
\BOOKMARK [2][-]{subsection.1.11}{Base de donn\351es}{section.1}% 12
\BOOKMARK [2][-]{subsection.1.12}{BdD Exploitation}{section.1}% 13
\BOOKMARK [2][-]{subsection.1.13}{BdD Configuration}{section.1}% 14
\BOOKMARK [2][-]{subsection.1.14}{Technicien}{section.1}% 15
\BOOKMARK [1][-]{section.2}{Cas d'utilisation}{}% 16
\BOOKMARK [2][-]{subsection.2.1}{Besoins communs}{section.2}% 17
\BOOKMARK [3][-]{subsubsection.2.1.1}{Mettre \340 jour l'\351tat du syst\350me}{subsection.2.1}% 18
\BOOKMARK [3][-]{subsubsection.2.1.2}{Visualisation statique}{subsection.2.1}% 19
\BOOKMARK [3][-]{subsubsection.2.1.3}{Visualisation dynamique}{subsection.2.1}% 20
\BOOKMARK [3][-]{subsubsection.2.1.4}{G\351rer la persistance}{subsection.2.1}% 21
\BOOKMARK [2][-]{subsection.2.2}{Configuration}{section.2}% 22
\BOOKMARK [3][-]{subsubsection.2.2.1}{Ajouter un \351l\351ment}{subsection.2.2}% 23
\BOOKMARK [3][-]{subsubsection.2.2.2}{Simuler}{subsection.2.2}% 24
\BOOKMARK [3][-]{subsubsection.2.2.3}{Manipuler un \351l\351ment existant}{subsection.2.2}% 25
\BOOKMARK [3][-]{subsubsection.2.2.4}{Fermer la configuration}{subsection.2.2}% 26
\BOOKMARK [2][-]{subsection.2.3}{Simulation}{section.2}% 27
\BOOKMARK [3][-]{subsubsection.2.3.1}{Charger une configuration}{subsection.2.3}% 28
\BOOKMARK [3][-]{subsubsection.2.3.2}{G\351rer la liste des vols}{subsection.2.3}% 29
\BOOKMARK [3][-]{subsubsection.2.3.3}{Changer le mode de simulation}{subsection.2.3}% 30
\BOOKMARK [3][-]{subsubsection.2.3.4}{Agir sur les \351l\351ments}{subsection.2.3}% 31
\BOOKMARK [3][-]{subsubsection.2.3.5}{Effectuer des op\351rations sur l'avancement de la simulation}{subsection.2.3}% 32
\BOOKMARK [3][-]{subsubsection.2.3.6}{G\351rer les \351v\351nements}{subsection.2.3}% 33
\BOOKMARK [3][-]{subsubsection.2.3.7}{D\351clencher les \351v\351nements}{subsection.2.3}% 34
\BOOKMARK [2][-]{subsection.2.4}{Exploitation}{section.2}% 35
\BOOKMARK [3][-]{subsubsection.2.4.1}{Effectuer une op\351ration prot\351g\351e}{subsection.2.4}% 36
\BOOKMARK [3][-]{subsubsection.2.4.2}{Acheminer automatiquement les bagages}{subsection.2.4}% 37
\BOOKMARK [3][-]{subsubsection.2.4.3}{Arr\352ter d'urgence le syst\350me}{subsection.2.4}% 38
\BOOKMARK [2][-]{subsection.2.5}{Maintenance}{section.2}% 39
\BOOKMARK [3][-]{subsubsection.2.5.1}{Visualiser les r\351sultats}{subsection.2.5}% 40
\BOOKMARK [3][-]{subsubsection.2.5.2}{G\351rer les interventions}{subsection.2.5}% 41
\BOOKMARK [2][-]{subsection.2.6}{R\351clamation}{section.2}% 42
\BOOKMARK [3][-]{subsubsection.2.6.1}{G\351rer un dossier de litige}{subsection.2.6}% 43
\BOOKMARK [3][-]{subsubsection.2.6.2}{Se renseigner sur un bagage}{subsection.2.6}% 44
